This file contains any messages produced by compilers while
running configure, to aid debugging if configure makes a mistake.

It was created by lmdbg configure 0.0.1, which was
generated by GNU Autoconf 2.53.  Invocation command line was

  $ ./configure --prefix /home/cheusov/local

## --------- ##
## Platform. ##
## --------- ##

hostname = cheusov
uname -m = i686
uname -r = 2.4.18
uname -s = Linux
uname -v = #2 ×òâ Èþë 3 23:49:38 EEST 2003

/usr/bin/uname -p = unknown
/bin/uname -X     = unknown

/bin/arch              = i686
/usr/bin/arch -k       = unknown
/usr/convex/getsysinfo = unknown
hostinfo               = unknown
/bin/machine           = unknown
/usr/bin/oslevel       = unknown
/bin/universe          = unknown

PATH: /home/cheusov/synr/bin
PATH: /home/cheusov/synr/bin/scripts
PATH: /home/cheusov/synr/bin/testutils
PATH: /home/cheusov/prjs/dictd1
PATH: /home/cheusov/bin
PATH: /home/cheusov/local/bin
PATH: /home/cheusov/syn/bin
PATH: /home/cheusov/syn/bin/scripts
PATH: /home/cheusov/syn/bin/testutils
PATH: /usr/local/bin
PATH: /usr/bin
PATH: /bin
PATH: /usr/bin/X11
PATH: /usr/games


## ----------- ##
## Core tests. ##
## ----------- ##

configure:1253: checking for gcc
configure:1269: found /usr/bin/gcc
configure:1279: result: gcc
configure:1523: checking for C compiler version
configure:1526: gcc --version </dev/null >&5
2.95.4
configure:1529: $? = 0
configure:1531: gcc -v </dev/null >&5
Reading specs from /usr/lib/gcc-lib/i386-linux/2.95.4/specs
gcc version 2.95.4 20011002 (Debian prerelease)
configure:1534: $? = 0
configure:1536: gcc -V </dev/null >&5
gcc: argument to `-V' is missing
configure:1539: $? = 1
configure:1565: checking for C compiler default output
configure:1568: gcc    conftest.c  >&5
configure:1571: $? = 0
configure:1604: result: a.out
configure:1609: checking whether the C compiler works
configure:1615: ./a.out
configure:1618: $? = 0
configure:1633: result: yes
configure:1640: checking whether we are cross compiling
configure:1642: result: no
configure:1645: checking for suffix of executables
configure:1647: gcc -o conftest    conftest.c  >&5
configure:1650: $? = 0
configure:1672: result: 
configure:1678: checking for suffix of object files
configure:1702: gcc -c   conftest.c >&5
configure:1705: $? = 0
configure:1724: result: o
configure:1728: checking whether we are using the GNU C compiler
configure:1755: gcc -c   conftest.c >&5
configure:1758: $? = 0
configure:1761: test -s conftest.o
configure:1764: $? = 0
configure:1776: result: yes
configure:1782: checking whether gcc accepts -g
configure:1806: gcc -c -g  conftest.c >&5
configure:1809: $? = 0
configure:1812: test -s conftest.o
configure:1815: $? = 0
configure:1825: result: yes
configure:1852: gcc -c -g -O2  conftest.c >&5
conftest.c:2: parse error before `me'
configure:1855: $? = 1
configure: failed program was:
#ifndef __cplusplus
  choke me
#endif
configure:2002: checking for a BSD-compatible install
configure:2056: result: /usr/bin/install -c
configure:2071: checking for gawk
configure:2087: found /usr/bin/gawk
configure:2097: result: gawk
configure:2107: checking whether make sets ${MAKE}
configure:2127: result: yes
configure:2138: checking for ar
configure:2154: found /usr/bin/ar
configure:2164: result: ar
configure:2182: checking build system type
configure:2200: result: i686-pc-linux-gnu
configure:2208: checking host system type
configure:2222: result: i686-pc-linux-gnu
configure:2240: checking how to run the C preprocessor
configure:2266: gcc -E  conftest.c
configure:2272: $? = 0
configure:2299: gcc -E  conftest.c
configure:2295: ac_nonexistent.h: No such file or directory
configure:2305: $? = 1
configure: failed program was:
#line 2294 "configure"
#include "confdefs.h"
#include <ac_nonexistent.h>
configure:2342: result: gcc -E
configure:2357: gcc -E  conftest.c
configure:2363: $? = 0
configure:2390: gcc -E  conftest.c
configure:2386: ac_nonexistent.h: No such file or directory
configure:2396: $? = 1
configure: failed program was:
#line 2385 "configure"
#include "confdefs.h"
#include <ac_nonexistent.h>
configure:2436: checking for ANSI C header files
configure:2450: gcc -E  conftest.c
configure:2456: $? = 0
configure:2541: gcc -o conftest -g -O2   conftest.c  >&5
configure:2544: $? = 0
configure:2546: ./conftest
configure:2549: $? = 0
configure:2563: result: yes
configure:2587: checking for sys/types.h
configure:2600: gcc -c -g -O2  conftest.c >&5
configure:2603: $? = 0
configure:2606: test -s conftest.o
configure:2609: $? = 0
configure:2619: result: yes
configure:2587: checking for sys/stat.h
configure:2600: gcc -c -g -O2  conftest.c >&5
configure:2603: $? = 0
configure:2606: test -s conftest.o
configure:2609: $? = 0
configure:2619: result: yes
configure:2587: checking for stdlib.h
configure:2600: gcc -c -g -O2  conftest.c >&5
configure:2603: $? = 0
configure:2606: test -s conftest.o
configure:2609: $? = 0
configure:2619: result: yes
configure:2587: checking for string.h
configure:2600: gcc -c -g -O2  conftest.c >&5
configure:2603: $? = 0
configure:2606: test -s conftest.o
configure:2609: $? = 0
configure:2619: result: yes
configure:2587: checking for memory.h
configure:2600: gcc -c -g -O2  conftest.c >&5
configure:2603: $? = 0
configure:2606: test -s conftest.o
configure:2609: $? = 0
configure:2619: result: yes
configure:2587: checking for strings.h
configure:2600: gcc -c -g -O2  conftest.c >&5
configure:2603: $? = 0
configure:2606: test -s conftest.o
configure:2609: $? = 0
configure:2619: result: yes
configure:2587: checking for inttypes.h
configure:2600: gcc -c -g -O2  conftest.c >&5
configure:2603: $? = 0
configure:2606: test -s conftest.o
configure:2609: $? = 0
configure:2619: result: yes
configure:2587: checking for stdint.h
configure:2600: gcc -c -g -O2  conftest.c >&5
configure:2603: $? = 0
configure:2606: test -s conftest.o
configure:2609: $? = 0
configure:2619: result: yes
configure:2587: checking for unistd.h
configure:2600: gcc -c -g -O2  conftest.c >&5
configure:2603: $? = 0
configure:2606: test -s conftest.o
configure:2609: $? = 0
configure:2619: result: yes
configure:2648: checking stdio.h usability
configure:2657: gcc -c -g -O2  conftest.c >&5
configure:2660: $? = 0
configure:2663: test -s conftest.o
configure:2666: $? = 0
configure:2675: result: yes
configure:2679: checking stdio.h presence
configure:2686: gcc -E  conftest.c
configure:2692: $? = 0
configure:2710: result: yes
configure:2728: checking for stdio.h
configure:2735: result: yes
configure:2639: checking for stdlib.h
configure:2644: result: yes
configure:2639: checking for string.h
configure:2644: result: yes
configure:2648: checking stdarg.h usability
configure:2657: gcc -c -g -O2  conftest.c >&5
configure:2660: $? = 0
configure:2663: test -s conftest.o
configure:2666: $? = 0
configure:2675: result: yes
configure:2679: checking stdarg.h presence
configure:2686: gcc -E  conftest.c
configure:2692: $? = 0
configure:2710: result: yes
configure:2728: checking for stdarg.h
configure:2735: result: yes
configure:2757: checking for unistd.h
configure:2762: result: yes
configure:2766: checking fcntl.h usability
configure:2775: gcc -c -g -O2  conftest.c >&5
configure:2778: $? = 0
configure:2781: test -s conftest.o
configure:2784: $? = 0
configure:2793: result: yes
configure:2797: checking fcntl.h presence
configure:2804: gcc -E  conftest.c
configure:2810: $? = 0
configure:2828: result: yes
configure:2846: checking for fcntl.h
configure:2853: result: yes
configure:2766: checking malloc.h usability
configure:2775: gcc -c -g -O2  conftest.c >&5
configure:2778: $? = 0
configure:2781: test -s conftest.o
configure:2784: $? = 0
configure:2793: result: yes
configure:2797: checking malloc.h presence
configure:2804: gcc -E  conftest.c
configure:2810: $? = 0
configure:2828: result: yes
configure:2846: checking for malloc.h
configure:2853: result: yes
configure:2766: checking assert.h usability
configure:2775: gcc -c -g -O2  conftest.c >&5
configure:2778: $? = 0
configure:2781: test -s conftest.o
configure:2784: $? = 0
configure:2793: result: yes
configure:2797: checking assert.h presence
configure:2804: gcc -E  conftest.c
configure:2810: $? = 0
configure:2828: result: yes
configure:2846: checking for assert.h
configure:2853: result: yes
configure:2766: checking execinfo.h usability
configure:2775: gcc -c -g -O2  conftest.c >&5
configure:2778: $? = 0
configure:2781: test -s conftest.o
configure:2784: $? = 0
configure:2793: result: yes
configure:2797: checking execinfo.h presence
configure:2804: gcc -E  conftest.c
configure:2810: $? = 0
configure:2828: result: yes
configure:2846: checking for execinfo.h
configure:2853: result: yes
configure:2872: checking for gcc option to accept ANSI C
configure:2935: gcc  -c -g -O2  conftest.c >&5
configure:2938: $? = 0
configure:2941: test -s conftest.o
configure:2944: $? = 0
configure:2961: result: none needed
configure:2969: checking for an ANSI C-conforming const
configure:3039: gcc -c -g -O2  conftest.c >&5
configure:3042: $? = 0
configure:3045: test -s conftest.o
configure:3048: $? = 0
configure:3058: result: yes
configure:3068: checking for pid_t
configure:3095: gcc -c -g -O2  conftest.c >&5
configure:3098: $? = 0
configure:3101: test -s conftest.o
configure:3104: $? = 0
configure:3114: result: yes
configure:3126: checking for size_t
configure:3153: gcc -c -g -O2  conftest.c >&5
configure:3156: $? = 0
configure:3159: test -s conftest.o
configure:3162: $? = 0
configure:3172: result: yes
configure:3192: checking for working alloca.h
configure:3216: gcc -o conftest -g -O2   conftest.c  >&5
configure:3219: $? = 0
configure:3222: test -s conftest
configure:3225: $? = 0
configure:3235: result: yes
configure:3245: checking for alloca
configure:3289: gcc -o conftest -g -O2   conftest.c  >&5
configure:3292: $? = 0
configure:3295: test -s conftest
configure:3298: $? = 0
configure:3308: result: yes
configure:3504: checking for unistd.h
configure:3509: result: yes
configure:3513: checking vfork.h usability
configure:3522: gcc -c -g -O2  conftest.c >&5
configure:3550: vfork.h: No such file or directory
configure:3525: $? = 1
configure: failed program was:
#line 3515 "configure"
#include "confdefs.h"
#include <stdio.h>
#if HAVE_SYS_TYPES_H
# include <sys/types.h>
#endif
#if HAVE_SYS_STAT_H
# include <sys/stat.h>
#endif
#if STDC_HEADERS
# include <stdlib.h>
# include <stddef.h>
#else
# if HAVE_STDLIB_H
#  include <stdlib.h>
# endif
#endif
#if HAVE_STRING_H
# if !STDC_HEADERS && HAVE_MEMORY_H
#  include <memory.h>
# endif
# include <string.h>
#endif
#if HAVE_STRINGS_H
# include <strings.h>
#endif
#if HAVE_INTTYPES_H
# include <inttypes.h>
#else
# if HAVE_STDINT_H
#  include <stdint.h>
# endif
#endif
#if HAVE_UNISTD_H
# include <unistd.h>
#endif
#include <vfork.h>
configure:3540: result: no
configure:3544: checking vfork.h presence
configure:3551: gcc -E  conftest.c
configure:3547: vfork.h: No such file or directory
configure:3557: $? = 1
configure: failed program was:
#line 3546 "configure"
#include "confdefs.h"
#include <vfork.h>
configure:3575: result: no
configure:3593: checking for vfork.h
configure:3600: result: no
configure:3618: checking for fork
configure:3661: gcc -o conftest -g -O2   conftest.c  >&5
configure:3664: $? = 0
configure:3667: test -s conftest
configure:3670: $? = 0
configure:3680: result: yes
configure:3618: checking for vfork
configure:3661: gcc -o conftest -g -O2   conftest.c  >&5
configure:3664: $? = 0
configure:3667: test -s conftest
configure:3670: $? = 0
configure:3680: result: yes
configure:3692: checking for working fork
configure:3736: result: yes
configure:3755: checking for working vfork
configure:3882: result: yes
configure:3918: checking for stdlib.h
configure:3923: result: yes
configure:4027: checking for working malloc
configure:4059: gcc -o conftest -g -O2   conftest.c  >&5
configure:4062: $? = 0
configure:4064: ./conftest
configure:4067: $? = 0
configure:4080: result: yes
configure:4094: checking for vprintf
configure:4137: gcc -o conftest -g -O2   conftest.c  >&5
configure:4140: $? = 0
configure:4143: test -s conftest
configure:4146: $? = 0
configure:4156: result: yes
configure:4163: checking for _doprnt
configure:4206: gcc -o conftest -g -O2   conftest.c  >&5
/tmp/cc4yPr9Z.o: In function `main':
/home/cheusov/prjs/lmdbg/configure:4196: undefined reference to `_doprnt'
collect2: ld returned 1 exit status
configure:4209: $? = 1
configure: failed program was:
#line 4168 "configure"
#include "confdefs.h"
/* System header to define __stub macros and hopefully few prototypes,
    which can conflict with char _doprnt (); below.  */
#include <assert.h>
/* Override any gcc2 internal prototype to avoid an error.  */
#ifdef __cplusplus
extern "C"
#endif
/* We use char because int might match the return type of a gcc2
   builtin and then its argument prototype would still apply.  */
char _doprnt ();
char (*f) ();

#ifdef F77_DUMMY_MAIN
#  ifdef __cplusplus
     extern "C"
#  endif
   int F77_DUMMY_MAIN() { return 1; }
#endif
int
main ()
{
/* The GNU C library defines this for functions which it implements
    to always fail with ENOSYS.  Some functions are actually named
    something starting with __ and the normal name is an alias.  */
#if defined (__stub__doprnt) || defined (__stub____doprnt)
choke me
#else
f = _doprnt;
#endif

  ;
  return 0;
}
configure:4225: result: no
configure:4247: checking for atexit
configure:4290: gcc -o conftest -g -O2   conftest.c  >&5
configure:4293: $? = 0
configure:4296: test -s conftest
configure:4299: $? = 0
configure:4309: result: yes
configure:4247: checking for dup2
configure:4290: gcc -o conftest -g -O2   conftest.c  >&5
configure:4293: $? = 0
configure:4296: test -s conftest
configure:4299: $? = 0
configure:4309: result: yes
configure:4247: checking for putenv
configure:4290: gcc -o conftest -g -O2   conftest.c  >&5
configure:4293: $? = 0
configure:4296: test -s conftest
configure:4299: $? = 0
configure:4309: result: yes
configure:4247: checking for strdup
configure:4290: gcc -o conftest -g -O2   conftest.c  >&5
configure:4293: $? = 0
configure:4296: test -s conftest
configure:4299: $? = 0
configure:4309: result: yes
configure:4247: checking for memalign
configure:4290: gcc -o conftest -g -O2   conftest.c  >&5
configure:4293: $? = 0
configure:4296: test -s conftest
configure:4299: $? = 0
configure:4309: result: yes
configure:4416: creating ./config.status

## ---------------------- ##
## Running config.status. ##
## ---------------------- ##

This file was extended by lmdbg config.status 0.0.1, which was
generated by GNU Autoconf 2.53.  Invocation command line was

  CONFIG_FILES    = 
  CONFIG_HEADERS  = 
  CONFIG_LINKS    = 
  CONFIG_COMMANDS = 
  $ ./config.status 

on cheusov

config.status:582: creating Makefile
config.status:582: creating lmdbg-sym
config.status:582: creating lmdbg-run
config.status:582: creating lmdbg-check
config.status:692: creating config.h

## ---------------- ##
## Cache variables. ##
## ---------------- ##

ac_cv_build=i686-pc-linux-gnu
ac_cv_build_alias=i686-pc-linux-gnu
ac_cv_c_compiler_gnu=yes
ac_cv_c_const=yes
ac_cv_env_CC_set=
ac_cv_env_CC_value=
ac_cv_env_CFLAGS_set=
ac_cv_env_CFLAGS_value=
ac_cv_env_CPPFLAGS_set=
ac_cv_env_CPPFLAGS_value=
ac_cv_env_CPP_set=
ac_cv_env_CPP_value=
ac_cv_env_LDFLAGS_set=
ac_cv_env_LDFLAGS_value=
ac_cv_env_build_alias_set=
ac_cv_env_build_alias_value=
ac_cv_env_host_alias_set=
ac_cv_env_host_alias_value=
ac_cv_env_target_alias_set=
ac_cv_env_target_alias_value=
ac_cv_exeext=
ac_cv_func__doprnt=no
ac_cv_func_alloca_works=yes
ac_cv_func_atexit=yes
ac_cv_func_dup2=yes
ac_cv_func_fork=yes
ac_cv_func_fork_works=yes
ac_cv_func_malloc_works=yes
ac_cv_func_memalign=yes
ac_cv_func_putenv=yes
ac_cv_func_strdup=yes
ac_cv_func_vfork=yes
ac_cv_func_vfork_works=yes
ac_cv_func_vprintf=yes
ac_cv_header_assert_h=yes
ac_cv_header_execinfo_h=yes
ac_cv_header_fcntl_h=yes
ac_cv_header_inttypes_h=yes
ac_cv_header_malloc_h=yes
ac_cv_header_memory_h=yes
ac_cv_header_stdarg_h=yes
ac_cv_header_stdc=yes
ac_cv_header_stdint_h=yes
ac_cv_header_stdio_h=yes
ac_cv_header_stdlib_h=yes
ac_cv_header_string_h=yes
ac_cv_header_strings_h=yes
ac_cv_header_sys_stat_h=yes
ac_cv_header_sys_types_h=yes
ac_cv_header_unistd_h=yes
ac_cv_header_vfork_h=no
ac_cv_host=i686-pc-linux-gnu
ac_cv_host_alias=i686-pc-linux-gnu
ac_cv_objext=o
ac_cv_path_install='/usr/bin/install -c'
ac_cv_prog_AR=ar
ac_cv_prog_AWK=gawk
ac_cv_prog_CPP='gcc -E'
ac_cv_prog_ac_ct_CC=gcc
ac_cv_prog_cc_g=yes
ac_cv_prog_cc_stdc=
ac_cv_prog_make_make_set=yes
ac_cv_type_pid_t=yes
ac_cv_type_size_t=yes
ac_cv_working_alloca_h=yes

## ----------- ##
## confdefs.h. ##
## ----------- ##

#define PACKAGE_NAME "lmdbg"
#define PACKAGE_TARNAME "lmdbg"
#define PACKAGE_VERSION "0.0.1"
#define PACKAGE_STRING "lmdbg 0.0.1"
#define PACKAGE_BUGREPORT "vle@gmx.net"
#define STDC_HEADERS 1
#define HAVE_SYS_TYPES_H 1
#define HAVE_SYS_STAT_H 1
#define HAVE_STDLIB_H 1
#define HAVE_STRING_H 1
#define HAVE_MEMORY_H 1
#define HAVE_STRINGS_H 1
#define HAVE_INTTYPES_H 1
#define HAVE_STDINT_H 1
#define HAVE_UNISTD_H 1
#define HAVE_STDIO_H 1
#define HAVE_STDLIB_H 1
#define HAVE_STRING_H 1
#define HAVE_STDARG_H 1
#define HAVE_UNISTD_H 1
#define HAVE_FCNTL_H 1
#define HAVE_MALLOC_H 1
#define HAVE_ASSERT_H 1
#define HAVE_EXECINFO_H 1
#define HAVE_ALLOCA_H 1
#define HAVE_ALLOCA 1
#define HAVE_UNISTD_H 1
#define HAVE_FORK 1
#define HAVE_VFORK 1
#define HAVE_WORKING_VFORK 1
#define HAVE_WORKING_FORK 1
#define HAVE_STDLIB_H 1
#define HAVE_MALLOC 1
#define HAVE_VPRINTF 1
#define HAVE_ATEXIT 1
#define HAVE_DUP2 1
#define HAVE_PUTENV 1
#define HAVE_STRDUP 1
#define HAVE_MEMALIGN 1

configure: exit 0

## ---------------------- ##
## Running config.status. ##
## ---------------------- ##

This file was extended by lmdbg config.status 0.0.1, which was
generated by GNU Autoconf 2.53.  Invocation command line was

  CONFIG_FILES    = 
  CONFIG_HEADERS  = 
  CONFIG_LINKS    = 
  CONFIG_COMMANDS = 
  $ ./config.status 

on cheusov

config.status:582: creating Makefile
config.status:582: creating lmdbg-sym
config.status:582: creating lmdbg-run
config.status:582: creating lmdbg-check
config.status:692: creating config.h
config.status:859: config.h is unchanged
